<?xml version="1.0" encoding="UTF-8"?>
<testng-results ignored="0" total="3" passed="3" failed="0" skipped="0">
  <reporter-output>
  </reporter-output>
  <suite started-at="2023-09-18T15:10:45 PDT" name="Default Suite" finished-at="2023-09-18T15:10:51 PDT" duration-ms="5378">
    <groups>
    </groups>
    <test started-at="2023-09-18T15:10:45 PDT" name="RESTassuredproject" finished-at="2023-09-18T15:10:51 PDT" duration-ms="5378">
      <class name="APITests">
        <test-method signature="test1()[pri:0, instance:APITests@157632c9]" started-at="2023-09-18T15:10:45 PDT" name="test1" finished-at="2023-09-18T15:10:50 PDT" duration-ms="4881" status="PASS">
          <reporter-output>
          </reporter-output>
        </test-method> <!-- test1 -->
        <test-method signature="test2()[pri:0, instance:APITests@157632c9]" started-at="2023-09-18T15:10:50 PDT" name="test2" finished-at="2023-09-18T15:10:50 PDT" duration-ms="216" status="PASS">
          <reporter-output>
          </reporter-output>
        </test-method> <!-- test2 -->
        <test-method signature="test3()[pri:0, instance:APITests@157632c9]" started-at="2023-09-18T15:10:50 PDT" name="test3" finished-at="2023-09-18T15:10:51 PDT" duration-ms="167" status="PASS">
          <reporter-output>
          </reporter-output>
        </test-method> <!-- test3 -->
      </class> <!-- APITests -->
    </test> <!-- RESTassuredproject -->
  </suite> <!-- Default Suite -->
</testng-results>
